================= Welcome to ==================
                                               
          Anisotropic Elasticity Tools         
          -           --         -             
   ______  _      _______             _        
  |  ____|| |    |__   __|           | |       
  | |__   | |  __ _ | |  ___    ___  | | ___   
  |  __|  | | / _` || | / _ \  / _ \ | |/ __|  
  E |____ |L|| (A| ||T|| (O) || (O) ||L|\_S \  
  |______||_| \__,_||_| \___/  \___/ |_||___/  
            45 6C 41 74 6F 6F 6C 73            
           Author : Shahram Yalameha                
          Email : yalameha93@gmail.com              
                   v1.7.3                      
                    From                       
            Elastic Tools Project              
=========        (c)2018-2022        ==========
                                                    
                                                    
  > Calculate elastic wave properties: Off
  ========================================
 > Elastic Stability Conditions:  Stable
  ========================================
 > Eigenvalues (GPa):    226.40     65.00     65.00     59.40     59.40     59.40
  
 #########################################################################
 Cij:
     118.800000    53.800000    53.800000     0.000000     0.000000     0.000000
      53.800000   118.800000    53.800000     0.000000     0.000000     0.000000
      53.800000    53.800000   118.800000     0.000000     0.000000     0.000000
       0.000000     0.000000     0.000000    59.400000     0.000000     0.000000
       0.000000     0.000000     0.000000     0.000000    59.400000     0.000000
       0.000000     0.000000     0.000000     0.000000     0.000000    59.400000
 
 Sij:
      0.0117287   -0.0036559   -0.0036559    0.0000000    0.0000000   -0.0000000
     -0.0036559    0.0117287   -0.0036559    0.0000000    0.0000000   -0.0000000
     -0.0036559   -0.0036559    0.0117287    0.0000000    0.0000000   -0.0000000
      0.0000000    0.0000000    0.0000000    0.0168350    0.0000000   -0.0000000
      0.0000000    0.0000000    0.0000000    0.0000000    0.0168350   -0.0000000
      0.0000000    0.0000000    0.0000000    0.0000000    0.0000000    0.0168350
 
 #########################################################################
 
 ==========================================================
  Elastic properties  |     Voigt     Reuss     Average  
 ==========================================================
 = Bulk modulus  (GPa)|     75.467    75.467    75.467   =
 = Shear modulus (GPa)|     48.640    44.626    46.633   =
 = Young modulus (GPa)|    120.114   111.833   116.004   =
 = P-wave modulus(GPa)|   140.3200  134.9672  137.6436   =
 = Lame’s first parameter  |    43.0400   45.7162   44.3781  =
 = Lame’s second parameter |    48.6400   44.9560   46.6328  =
 = Poisson ratio           |     0.2347    0.2530    0.2438  = <--(Brittle   Brittle   Brittle   regime )
 = Pugh ratio              |     1.5515    1.6911    1.6183  = <--(Brittle   Brittle   Brittle   regime )
 ==========================================================
 
 =============================================================
  Hardness Information      |      Voigt     Reuss     Average      
 =============================================================
 = Hardness H_1a  (GPa)    |      7.174     6.582     6.878  =
 = Hardness H_1b  (GPa)    |      7.291     6.788     7.041  =
 = Hardness H_2   (GPa)    |      5.705     4.995     5.350  =
 = Hardness H_3   (GPa)    |      7.627     7.101     7.366  =
 = Hardness H_4   (GPa)    |      5.404     4.958     5.181  =
 = Hardness H_5   (GPa)    |      8.607     6.979     7.780  =
 =============================================================
 
                     ***  Guide Table ***                    
 -------------------------------------------------------------
  General | Cubic | Hexagonal | Orthorhombic | Rhombohedral| 
 -------------------------------------------------------------
   H_2    |  H_2  |   H_1b    |    H_2       |     H_2     | <= Insulator
   H_5    |  H_5  | H_1b,H_3  |     -        |     H_2     | <= Semiconductor
   H_4    |  H_1a |   H_4     |    H_4       |     H_4     | <= Metal
 -------------------------------------------------------------
 
 > Universal anisotropy index (AU)               :    0.4498
 > Zener anisotropy Index (AZ)                   :    1.8277
 > Kube’s log-Euclidean anisotropy parameter (AL):    0.1926
 > Chung-Buessem Anisotropy Index (Ac)           :    0.0430
 > Kleinman’s parameter                          :    0.7586       <--(  Bond bending < Bond stretching )
 ----------------------------------------------------------
              ---> Cauchy pressure(GPa) <---              
 ----------------------------------------------------------
 Cubic       : (PC_a)           =(   -5.60)                  <--( ClB  )
 Hexagonal   : (PC_a,PC_c)      =(   -5.60   -5.60)          <--( ClB  ClB  )
 Trigonal    : (PC_a,PC_c)      =(   -5.60   -5.60)          <--( ClB  ClB  )
 Tetragonal  : (PC_a,PC_c)      =(   -5.60   -5.60)          <--( ClB  ClB  )
 Orthorhombic: (PC_a,PC_b,PC_c) =(   -5.60   -5.60   -5.60)  <--( ClB  ClB  ClB  )
 ==========================================================
> CLB: Covalent-like bonding
> MLB: Metallic-like bonding
 
 > Output for  ( 1.0, 1.0, 0.0) plane
 
  =================================================> Youngs Modulus
   Max(GPa)             Min(GPa)          Anisotropy
   141.14                85.26               1.66
 ------------------------------------------
   Theta   Phi          Theta   Phi
    55.2  134.4         180.0    0.0
 ------------------------------------------
    x     y     z        x     y     z
  -0.57  0.59  0.57     0.00  0.00 -1.00
 ==================================================
  
  ==================================================> Linear Compressibiliy
   Max(TPa-1)           Min(TPa-1)           Anisotropy
     4.417                 4.417              1.000
 ------------------------------------------
   Theta   Phi          Theta   Phi
  171.6 360.0            100.8 352.8
 ------------------------------------------
    x     y     z        x     y     z
   0.15 -0.00 -0.99     0.97 -0.12 -0.19
 ==================================================
  
  ==================================================> Shear Modulus
   Max(GPa)             Min(GPa)           Anisotropy
    59.40                32.51               1.83
 ------------------------------------------
   Theta   Phi          Theta   Phi
  180.0   0.0             90.0  45.6
 ------------------------------------------
    x     y     z        x     y     z
   0.00  0.00 -1.00     0.70  0.71  0.00
 ==================================================
  
  ==================================================> Bulk Modulus (Experimental)
    Max(GPa/100)              Min(GPa/100)           Anisotropy
         2.26                    2.26               1.00
 ------------------------------------------
   Theta   Phi          Theta   Phi
  100.8 352.8            171.6 360.0
 ------------------------------------------
    x     y     z        x     y     z
   0.97 -0.12 -0.19     0.15 -0.00 -0.99
 ==================================================
  ==================================================> Min. thermal conductivity
    Max(W/K.m)              Min(W/K.m)        Anisotropy
        0.000                   0.000               1.29
 ------------------------------------------
   Theta   Phi          Theta   Phi
  124.8 314.4            180.0   0.0
 ------------------------------------------
    x     y     z        x     y     z
  -0.74 -0.18  0.65    -0.80 -0.00 -0.60
 
  ==================================================> Poisson's Ratio
      Max                  Min            Anisotropy
   0.443                0.021              21.03
 ------------------------------------------
   Theta   Phi          Theta   Phi
   90.0 314.4            135.6 360.0
 ------------------------------------------
    x     y     z        x     y     z
   0.70 -0.71  0.00     0.70 -0.00 -0.71
 ==================================================
 
  ==================================================> Hardness (Experimental)
        Max                     Min  Anisotropy
       2.385                  0.768     1.00
 ------------------------------------------
   Theta   Phi          Theta   Phi
  124.8 314.4             90.0 360.0
 ------------------------------------------
    x     y     z        x     y     z
   0.57 -0.59 -0.57     1.00 -0.00  0.00
 ==================================================
 
  ==================================================> Sound
   Transverse high  Longitudinal   Transverse low 
    59.40           118.80            32.51
 ==================================================
